
2020-10-28 09:44:38 +03:00: 	Successfully connect to MongoDB
2020-10-28 09:44:38 +03:00: 	App is running on http://localhost:4000
2020-10-28 09:44:58 +03:00: 	Successfully connect to MongoDB
2020-10-28 09:44:58 +03:00: 	App is running on http://localhost:4000
2020-10-28 09:45:17 +03:00: 	GET http://localhost:4000/users queryParams:{} body:{}
2020-10-28 09:45:17 +03:00: 	POST http://localhost:4000/users queryParams:{} body:{"name":"TEST_USER","login":"test_user","password":"T35t_P@55w0rd"}
2020-10-28 09:45:17 +03:00: 	POST http://localhost:4000/users queryParams:{} body:{"name":"TEST_USER","login":"test_user","password":"T35t_P@55w0rd"}
2020-10-28 09:45:18 +03:00: 	POST http://localhost:4000/users queryParams:{} body:{"name":"TEST_USER","login":"test_user","password":"T35t_P@55w0rd"}
2020-10-28 09:45:18 +03:00: 	PUT http://localhost:4000/users/undefined queryParams:{} body:{"name":"Autotest updated TEST_USER","login":"test_user","password":"T35t_P@55w0rd"}
2020-10-28 09:45:18 +03:00: 	500 Cast to ObjectId failed for value "undefined" at path "_id" for model "User"
2020-10-28 09:45:18 +03:00: 	POST http://localhost:4000/users queryParams:{} body:{"name":"TEST_USER","login":"test_user","password":"T35t_P@55w0rd"}
2020-10-28 09:45:18 +03:00: 	DELETE http://localhost:4000/users/undefined queryParams:{} body:{}
2020-10-28 09:45:18 +03:00: 	500 Cast to ObjectId failed for value "undefined" at path "_id" for model "User"
2020-10-28 09:45:18 +03:00: 	POST http://localhost:4000/users queryParams:{} body:{"name":"TEST_USER","login":"test_user","password":"T35t_P@55w0rd"}
2020-10-28 09:45:18 +03:00: 	POST http://localhost:4000/boards queryParams:{} body:{"title":"Autotest board","columns":[{"title":"Backlog","order":1},{"title":"Sprint","order":2}]}
2020-10-28 09:45:18 +03:00: 	POST http://localhost:4000/boards/undefined/tasks queryParams:{} body:{"title":"Task #1","order":1,"description":"Lorem ipsum"}
2020-10-28 09:45:18 +03:00: 	POST http://localhost:4000/boards/undefined/tasks queryParams:{} body:{"title":"Task #2","order":2,"description":"Lorem ipsum"}
2020-10-28 09:45:18 +03:00: 	DELETE http://localhost:4000/users/undefined queryParams:{} body:{}
2020-10-28 09:45:18 +03:00: 	500 Cast to ObjectId failed for value "undefined" at path "_id" for model "User"
2020-10-28 10:02:45 +03:00: 	Successfully connect to MongoDB
2020-10-28 10:02:45 +03:00: 	App is running on http://localhost:4000
2020-10-28 10:03:07 +03:00: 	Successfully connect to MongoDB
2020-10-28 10:03:07 +03:00: 	App is running on http://localhost:4000
2020-10-28 10:03:31 +03:00: 	GET http://localhost:4000/users queryParams:{} body:{}
2020-10-28 10:03:31 +03:00: 	POST http://localhost:4000/users queryParams:{} body:{"name":"TEST_USER","login":"test_user","password":"T35t_P@55w0rd"}
2020-10-28 10:03:31 +03:00: 	POST http://localhost:4000/users queryParams:{} body:{"name":"TEST_USER","login":"test_user","password":"T35t_P@55w0rd"}
2020-10-28 10:03:31 +03:00: 	POST http://localhost:4000/users queryParams:{} body:{"name":"TEST_USER","login":"test_user","password":"T35t_P@55w0rd"}
2020-10-28 10:03:31 +03:00: 	PUT http://localhost:4000/users/undefined queryParams:{} body:{"name":"Autotest updated TEST_USER","login":"test_user","password":"T35t_P@55w0rd"}
2020-10-28 10:03:31 +03:00: 	500 Argument passed in must be a single String of 12 bytes or a string of 24 hex characters
2020-10-28 10:03:31 +03:00: 	POST http://localhost:4000/users queryParams:{} body:{"name":"TEST_USER","login":"test_user","password":"T35t_P@55w0rd"}
2020-10-28 10:03:31 +03:00: 	DELETE http://localhost:4000/users/undefined queryParams:{} body:{}
2020-10-28 10:03:31 +03:00: 	500 Argument passed in must be a single String of 12 bytes or a string of 24 hex characters
2020-10-28 10:03:31 +03:00: 	POST http://localhost:4000/users queryParams:{} body:{"name":"TEST_USER","login":"test_user","password":"T35t_P@55w0rd"}
2020-10-28 10:03:31 +03:00: 	POST http://localhost:4000/boards queryParams:{} body:{"title":"Autotest board","columns":[{"title":"Backlog","order":1},{"title":"Sprint","order":2}]}
2020-10-28 10:03:31 +03:00: 	POST http://localhost:4000/boards/undefined/tasks queryParams:{} body:{"title":"Task #1","order":1,"description":"Lorem ipsum"}
2020-10-28 10:03:31 +03:00: 	POST http://localhost:4000/boards/undefined/tasks queryParams:{} body:{"title":"Task #2","order":2,"description":"Lorem ipsum"}
2020-10-28 10:03:31 +03:00: 	DELETE http://localhost:4000/users/undefined queryParams:{} body:{}
2020-10-28 10:03:31 +03:00: 	500 Argument passed in must be a single String of 12 bytes or a string of 24 hex characters
2020-10-28 10:12:30 +03:00: 	Successfully connect to MongoDB
2020-10-28 10:12:30 +03:00: 	App is running on http://localhost:4000
2020-10-28 10:12:46 +03:00: 	GET http://localhost:4000/users queryParams:{} body:{}
2020-10-28 10:12:46 +03:00: 	POST http://localhost:4000/users queryParams:{} body:{"name":"TEST_USER","login":"test_user","password":"T35t_P@55w0rd"}
2020-10-28 10:12:46 +03:00: 	POST http://localhost:4000/users queryParams:{} body:{"name":"TEST_USER","login":"test_user","password":"T35t_P@55w0rd"}
2020-10-28 10:12:46 +03:00: 	POST http://localhost:4000/users queryParams:{} body:{"name":"TEST_USER","login":"test_user","password":"T35t_P@55w0rd"}
2020-10-28 10:12:46 +03:00: 	PUT http://localhost:4000/users/undefined queryParams:{} body:{"name":"Autotest updated TEST_USER","login":"test_user","password":"T35t_P@55w0rd"}
2020-10-28 10:12:46 +03:00: 	500 Argument passed in must be a single String of 12 bytes or a string of 24 hex characters
2020-10-28 10:12:46 +03:00: 	POST http://localhost:4000/users queryParams:{} body:{"name":"TEST_USER","login":"test_user","password":"T35t_P@55w0rd"}
2020-10-28 10:12:46 +03:00: 	DELETE http://localhost:4000/users/undefined queryParams:{} body:{}
2020-10-28 10:12:46 +03:00: 	500 Argument passed in must be a single String of 12 bytes or a string of 24 hex characters
2020-10-28 10:12:46 +03:00: 	POST http://localhost:4000/users queryParams:{} body:{"name":"TEST_USER","login":"test_user","password":"T35t_P@55w0rd"}
2020-10-28 10:12:46 +03:00: 	POST http://localhost:4000/boards queryParams:{} body:{"title":"Autotest board","columns":[{"title":"Backlog","order":1},{"title":"Sprint","order":2}]}
2020-10-28 10:12:46 +03:00: 	POST http://localhost:4000/boards/undefined/tasks queryParams:{} body:{"title":"Task #1","order":1,"description":"Lorem ipsum"}
2020-10-28 10:12:46 +03:00: 	POST http://localhost:4000/boards/undefined/tasks queryParams:{} body:{"title":"Task #2","order":2,"description":"Lorem ipsum"}
2020-10-28 10:12:47 +03:00: 	DELETE http://localhost:4000/users/undefined queryParams:{} body:{}
2020-10-28 10:12:47 +03:00: 	500 Argument passed in must be a single String of 12 bytes or a string of 24 hex characters
2020-10-28 10:17:43 +03:00: 	Successfully connect to MongoDB
2020-10-28 10:17:43 +03:00: 	App is running on http://localhost:4000
2020-10-28 10:17:47 +03:00: 	Successfully connect to MongoDB
2020-10-28 10:17:47 +03:00: 	App is running on http://localhost:4000
2020-10-28 10:18:02 +03:00: 	GET http://localhost:4000/users queryParams:{} body:{}
2020-10-28 10:18:02 +03:00: 	POST http://localhost:4000/users queryParams:{} body:{"name":"TEST_USER","login":"test_user","password":"T35t_P@55w0rd"}
2020-10-28 10:18:02 +03:00: 	500 document must have an _id before saving
2020-10-28 10:18:02 +03:00: 	POST http://localhost:4000/users queryParams:{} body:{"name":"TEST_USER","login":"test_user","password":"T35t_P@55w0rd"}
2020-10-28 10:18:02 +03:00: 	500 document must have an _id before saving
2020-10-28 10:18:02 +03:00: 	POST http://localhost:4000/users queryParams:{} body:{"name":"TEST_USER","login":"test_user","password":"T35t_P@55w0rd"}
2020-10-28 10:18:02 +03:00: 	500 document must have an _id before saving
2020-10-28 10:18:02 +03:00: 	PUT http://localhost:4000/users/undefined queryParams:{} body:{"name":"Autotest updated TEST_USER","login":"test_user","password":"T35t_P@55w0rd"}
2020-10-28 10:18:02 +03:00: 	500 Argument passed in must be a single String of 12 bytes or a string of 24 hex characters
2020-10-28 10:18:02 +03:00: 	POST http://localhost:4000/users queryParams:{} body:{"name":"TEST_USER","login":"test_user","password":"T35t_P@55w0rd"}
2020-10-28 10:18:02 +03:00: 	500 document must have an _id before saving
2020-10-28 10:18:02 +03:00: 	DELETE http://localhost:4000/users/undefined queryParams:{} body:{}
2020-10-28 10:18:02 +03:00: 	500 Argument passed in must be a single String of 12 bytes or a string of 24 hex characters
2020-10-28 10:18:02 +03:00: 	POST http://localhost:4000/users queryParams:{} body:{"name":"TEST_USER","login":"test_user","password":"T35t_P@55w0rd"}
2020-10-28 10:18:02 +03:00: 	500 document must have an _id before saving
2020-10-28 10:20:36 +03:00: 	Successfully connect to MongoDB
2020-10-28 10:20:36 +03:00: 	App is running on http://localhost:4000
2020-10-28 10:20:43 +03:00: 	GET http://localhost:4000/users queryParams:{} body:{}
2020-10-28 10:20:44 +03:00: 	POST http://localhost:4000/users queryParams:{} body:{"name":"TEST_USER","login":"test_user","password":"T35t_P@55w0rd"}
2020-10-28 10:20:44 +03:00: 	500 document must have an _id before saving
2020-10-28 10:20:44 +03:00: 	POST http://localhost:4000/users queryParams:{} body:{"name":"TEST_USER","login":"test_user","password":"T35t_P@55w0rd"}
2020-10-28 10:20:44 +03:00: 	500 document must have an _id before saving
2020-10-28 10:20:44 +03:00: 	POST http://localhost:4000/users queryParams:{} body:{"name":"TEST_USER","login":"test_user","password":"T35t_P@55w0rd"}
2020-10-28 10:20:44 +03:00: 	500 document must have an _id before saving
2020-10-28 10:20:44 +03:00: 	PUT http://localhost:4000/users/undefined queryParams:{} body:{"name":"Autotest updated TEST_USER","login":"test_user","password":"T35t_P@55w0rd"}
2020-10-28 10:20:44 +03:00: 	500 Cast to ObjectId failed for value "undefined" at path "_id" for model "User"
2020-10-28 10:20:44 +03:00: 	POST http://localhost:4000/users queryParams:{} body:{"name":"TEST_USER","login":"test_user","password":"T35t_P@55w0rd"}
2020-10-28 10:20:44 +03:00: 	500 document must have an _id before saving
2020-10-28 10:20:44 +03:00: 	DELETE http://localhost:4000/users/undefined queryParams:{} body:{}
2020-10-28 10:20:44 +03:00: 	500 Cast to ObjectId failed for value "undefined" at path "_id" for model "User"
2020-10-28 10:20:44 +03:00: 	POST http://localhost:4000/users queryParams:{} body:{"name":"TEST_USER","login":"test_user","password":"T35t_P@55w0rd"}
2020-10-28 10:20:44 +03:00: 	500 document must have an _id before saving
2020-10-28 10:29:15 +03:00: 	Successfully connect to MongoDB
2020-10-28 10:29:15 +03:00: 	App is running on http://localhost:4000
2020-10-28 10:30:11 +03:00: 	Successfully connect to MongoDB
2020-10-28 10:30:11 +03:00: 	App is running on http://localhost:4000
2020-10-28 10:30:16 +03:00: 	Successfully connect to MongoDB
2020-10-28 10:30:16 +03:00: 	App is running on http://localhost:4000
2020-10-28 10:33:07 +03:00: 	Successfully connect to MongoDB
2020-10-28 10:33:07 +03:00: 	App is running on http://localhost:4000
2020-10-28 10:33:25 +03:00: 	GET http://localhost:4000/users queryParams:{} body:{}
2020-10-28 10:33:25 +03:00: 	POST http://localhost:4000/users queryParams:{} body:{"name":"TEST_USER","login":"test_user","password":"T35t_P@55w0rd"}
2020-10-28 10:33:25 +03:00: 	GET http://localhost:4000/users/5f99c7856ca5125baccb2a24 queryParams:{} body:{}
2020-10-28 10:33:25 +03:00: 	DELETE http://localhost:4000/users/5f99c7856ca5125baccb2a24 queryParams:{} body:{}
2020-10-28 10:33:25 +03:00: 	POST http://localhost:4000/users queryParams:{} body:{"name":"TEST_USER","login":"test_user","password":"T35t_P@55w0rd"}
2020-10-28 10:33:26 +03:00: 	POST http://localhost:4000/users queryParams:{} body:{"name":"TEST_USER","login":"test_user","password":"T35t_P@55w0rd"}
2020-10-28 10:33:26 +03:00: 	PUT http://localhost:4000/users/5f99c7866ca5125baccb2a26 queryParams:{} body:{"name":"Autotest updated TEST_USER","login":"test_user","password":"T35t_P@55w0rd","id":"5f99c7866ca5125baccb2a26"}
2020-10-28 10:33:26 +03:00: 	GET http://localhost:4000/users/5f99c7866ca5125baccb2a26 queryParams:{} body:{}
2020-10-28 10:33:26 +03:00: 	DELETE http://localhost:4000/users/5f99c7866ca5125baccb2a26 queryParams:{} body:{}
2020-10-28 10:33:26 +03:00: 	POST http://localhost:4000/users queryParams:{} body:{"name":"TEST_USER","login":"test_user","password":"T35t_P@55w0rd"}
2020-10-28 10:33:26 +03:00: 	DELETE http://localhost:4000/users/5f99c7866ca5125baccb2a27 queryParams:{} body:{}
2020-10-28 10:33:26 +03:00: 	POST http://localhost:4000/users queryParams:{} body:{"name":"TEST_USER","login":"test_user","password":"T35t_P@55w0rd"}
2020-10-28 10:33:26 +03:00: 	POST http://localhost:4000/boards queryParams:{} body:{"title":"Autotest board","columns":[{"title":"Backlog","order":1},{"title":"Sprint","order":2}]}
2020-10-28 10:33:26 +03:00: 	POST http://localhost:4000/boards/undefined/tasks queryParams:{} body:{"title":"Task #1","order":1,"description":"Lorem ipsum","userId":"5f99c7866ca5125baccb2a28"}
2020-10-28 10:33:26 +03:00: 	POST http://localhost:4000/boards/undefined/tasks queryParams:{} body:{"title":"Task #2","order":2,"description":"Lorem ipsum","userId":"5f99c7866ca5125baccb2a28"}
2020-10-28 10:33:27 +03:00: 	DELETE http://localhost:4000/users/5f99c7866ca5125baccb2a28 queryParams:{} body:{}
2020-10-28 10:33:27 +03:00: 	GET http://localhost:4000/boards/undefined/tasks/undefined queryParams:{} body:{}
2020-10-28 10:33:27 +03:00: 	500 Cast to ObjectId failed for value "undefined" at path "_id" for model "Task"
2020-10-28 10:34:48 +03:00: 	Successfully connect to MongoDB
2020-10-28 10:34:48 +03:00: 	App is running on http://localhost:4000
2020-10-28 10:34:58 +03:00: 	POST http://localhost:4000/boards queryParams:{} body:{"title":"Autotest board","columns":[{"title":"Backlog","order":1},{"title":"Sprint","order":2}]}
2020-10-28 10:34:59 +03:00: 	GET http://localhost:4000/boards queryParams:{} body:{}
2020-10-28 10:34:59 +03:00: 	GET http://localhost:4000/boards queryParams:{} body:{}
2020-10-28 10:34:59 +03:00: 	GET http://localhost:4000/boards/5f99c7e2ebeb9d46049ad7a6 queryParams:{} body:{}
2020-10-28 10:34:59 +03:00: 	POST http://localhost:4000/boards queryParams:{} body:{"title":"Autotest board","columns":[{"title":"Backlog","order":1},{"title":"Sprint","order":2}]}
2020-10-28 10:34:59 +03:00: 	DELETE http://localhost:4000/boards/5f99c7e3ebeb9d46049ad7a7 queryParams:{} body:{}
2020-10-28 10:34:59 +03:00: 	POST http://localhost:4000/boards queryParams:{} body:{"title":"Autotest board","columns":[{"title":"Backlog","order":1},{"title":"Sprint","order":2}]}
2020-10-28 10:34:59 +03:00: 	PUT http://localhost:4000/boards/5f99c7e3ebeb9d46049ad7a8 queryParams:{} body:{"columns":[{"title":"Backlog","order":1},{"title":"Sprint","order":2}],"title":"Autotest updated board","id":"5f99c7e3ebeb9d46049ad7a8"}
2020-10-28 10:34:59 +03:00: 	GET http://localhost:4000/boards/5f99c7e3ebeb9d46049ad7a8 queryParams:{} body:{}
2020-10-28 10:34:59 +03:00: 	DELETE http://localhost:4000/boards/5f99c7e3ebeb9d46049ad7a8 queryParams:{} body:{}
2020-10-28 10:35:00 +03:00: 	POST http://localhost:4000/boards queryParams:{} body:{"title":"Autotest board","columns":[{"title":"Backlog","order":1},{"title":"Sprint","order":2}]}
2020-10-28 10:35:00 +03:00: 	DELETE http://localhost:4000/boards/5f99c7e4ebeb9d46049ad7a9 queryParams:{} body:{}
2020-10-28 10:35:00 +03:00: 	GET http://localhost:4000/boards/5f99c7e4ebeb9d46049ad7a9 queryParams:{} body:{}
2020-10-28 10:35:00 +03:00: 	POST http://localhost:4000/boards queryParams:{} body:{"title":"Autotest board","columns":[{"title":"Backlog","order":1},{"title":"Sprint","order":2}]}
2020-10-28 10:35:00 +03:00: 	POST http://localhost:4000/boards/5f99c7e4ebeb9d46049ad7aa/tasks queryParams:{} body:{"title":"Task #1","order":1,"description":"Lorem ipsum","boardId":"5f99c7e4ebeb9d46049ad7aa","userId":null,"columnId":null}
2020-10-28 10:35:00 +03:00: 	POST http://localhost:4000/boards/5f99c7e4ebeb9d46049ad7aa/tasks queryParams:{} body:{"title":"Task #2","order":2,"description":"Lorem ipsum","boardId":"5f99c7e4ebeb9d46049ad7aa","userId":null,"columnId":null}
2020-10-28 10:35:00 +03:00: 	POST http://localhost:4000/boards/5f99c7e4ebeb9d46049ad7aa/tasks queryParams:{} body:{"title":"Task #3","order":3,"description":"Lorem ipsum","boardId":"5f99c7e4ebeb9d46049ad7aa","userId":null,"columnId":null}
2020-10-28 10:35:00 +03:00: 	POST http://localhost:4000/boards/5f99c7e4ebeb9d46049ad7aa/tasks queryParams:{} body:{"title":"Task #5","order":5,"description":"Lorem ipsum","boardId":"5f99c7e4ebeb9d46049ad7aa","userId":null,"columnId":null}
2020-10-28 10:35:00 +03:00: 	POST http://localhost:4000/boards/5f99c7e4ebeb9d46049ad7aa/tasks queryParams:{} body:{"title":"Task #4","order":4,"description":"Lorem ipsum","boardId":"5f99c7e4ebeb9d46049ad7aa","userId":null,"columnId":null}
2020-10-28 10:35:00 +03:00: 	GET http://localhost:4000/boards/5f99c7e4ebeb9d46049ad7aa/tasks/5f99c7e4ebeb9d46049ad7ab queryParams:{} body:{}
2020-10-28 10:35:00 +03:00: 	GET http://localhost:4000/boards/5f99c7e4ebeb9d46049ad7aa/tasks/5f99c7e4ebeb9d46049ad7ac queryParams:{} body:{}
2020-10-28 10:35:00 +03:00: 	GET http://localhost:4000/boards/5f99c7e4ebeb9d46049ad7aa/tasks/5f99c7e4ebeb9d46049ad7ad queryParams:{} body:{}
2020-10-28 10:35:00 +03:00: 	GET http://localhost:4000/boards/5f99c7e4ebeb9d46049ad7aa/tasks/5f99c7e4ebeb9d46049ad7af queryParams:{} body:{}
2020-10-28 10:35:00 +03:00: 	GET http://localhost:4000/boards/5f99c7e4ebeb9d46049ad7aa/tasks/5f99c7e4ebeb9d46049ad7ae queryParams:{} body:{}
2020-10-28 10:35:00 +03:00: 	DELETE http://localhost:4000/boards/5f99c7e4ebeb9d46049ad7aa queryParams:{} body:{}
2020-10-28 10:35:00 +03:00: 	GET http://localhost:4000/boards/5f99c7e4ebeb9d46049ad7aa/tasks/5f99c7e4ebeb9d46049ad7af queryParams:{} body:{}
2020-10-28 10:35:00 +03:00: 	GET http://localhost:4000/boards/5f99c7e4ebeb9d46049ad7aa/tasks/5f99c7e4ebeb9d46049ad7ab queryParams:{} body:{}
2020-10-28 10:35:00 +03:00: 	GET http://localhost:4000/boards/5f99c7e4ebeb9d46049ad7aa/tasks/5f99c7e4ebeb9d46049ad7ac queryParams:{} body:{}
2020-10-28 10:35:01 +03:00: 	GET http://localhost:4000/boards/5f99c7e4ebeb9d46049ad7aa/tasks/5f99c7e4ebeb9d46049ad7ad queryParams:{} body:{}
2020-10-28 10:35:01 +03:00: 	GET http://localhost:4000/boards/5f99c7e4ebeb9d46049ad7aa/tasks/5f99c7e4ebeb9d46049ad7ae queryParams:{} body:{}
2020-10-28 10:35:01 +03:00: 	DELETE http://localhost:4000/boards/5f99c7e2ebeb9d46049ad7a6 queryParams:{} body:{}
2020-10-28 10:35:01 +03:00: 	GET http://localhost:4000/users queryParams:{} body:{}
2020-10-28 10:35:01 +03:00: 	POST http://localhost:4000/users queryParams:{} body:{"name":"TEST_USER","login":"test_user","password":"T35t_P@55w0rd"}
2020-10-28 10:35:01 +03:00: 	GET http://localhost:4000/users/5f99c7e5ebeb9d46049ad7b0 queryParams:{} body:{}
2020-10-28 10:35:01 +03:00: 	DELETE http://localhost:4000/users/5f99c7e5ebeb9d46049ad7b0 queryParams:{} body:{}
2020-10-28 10:35:01 +03:00: 	POST http://localhost:4000/users queryParams:{} body:{"name":"TEST_USER","login":"test_user","password":"T35t_P@55w0rd"}
2020-10-28 10:35:01 +03:00: 	POST http://localhost:4000/users queryParams:{} body:{"name":"TEST_USER","login":"test_user","password":"T35t_P@55w0rd"}
2020-10-28 10:35:02 +03:00: 	PUT http://localhost:4000/users/5f99c7e5ebeb9d46049ad7b2 queryParams:{} body:{"name":"Autotest updated TEST_USER","login":"test_user","password":"T35t_P@55w0rd","id":"5f99c7e5ebeb9d46049ad7b2"}
2020-10-28 10:35:02 +03:00: 	GET http://localhost:4000/users/5f99c7e5ebeb9d46049ad7b2 queryParams:{} body:{}
2020-10-28 10:35:02 +03:00: 	DELETE http://localhost:4000/users/5f99c7e5ebeb9d46049ad7b2 queryParams:{} body:{}
2020-10-28 10:35:02 +03:00: 	POST http://localhost:4000/users queryParams:{} body:{"name":"TEST_USER","login":"test_user","password":"T35t_P@55w0rd"}
2020-10-28 10:35:02 +03:00: 	DELETE http://localhost:4000/users/5f99c7e6ebeb9d46049ad7b3 queryParams:{} body:{}
2020-10-28 10:35:02 +03:00: 	POST http://localhost:4000/users queryParams:{} body:{"name":"TEST_USER","login":"test_user","password":"T35t_P@55w0rd"}
2020-10-28 10:35:02 +03:00: 	POST http://localhost:4000/boards queryParams:{} body:{"title":"Autotest board","columns":[{"title":"Backlog","order":1},{"title":"Sprint","order":2}]}
2020-10-28 10:35:02 +03:00: 	POST http://localhost:4000/boards/5f99c7e6ebeb9d46049ad7b5/tasks queryParams:{} body:{"title":"Task #1","order":1,"description":"Lorem ipsum","userId":"5f99c7e6ebeb9d46049ad7b4","boardId":"5f99c7e6ebeb9d46049ad7b5"}
2020-10-28 10:35:02 +03:00: 	POST http://localhost:4000/boards/5f99c7e6ebeb9d46049ad7b5/tasks queryParams:{} body:{"title":"Task #2","order":2,"description":"Lorem ipsum","userId":"5f99c7e6ebeb9d46049ad7b4","boardId":"5f99c7e6ebeb9d46049ad7b5"}
2020-10-28 10:35:02 +03:00: 	DELETE http://localhost:4000/users/5f99c7e6ebeb9d46049ad7b4 queryParams:{} body:{}
2020-10-28 10:35:02 +03:00: 	GET http://localhost:4000/boards/5f99c7e6ebeb9d46049ad7b5/tasks/5f99c7e6ebeb9d46049ad7b6 queryParams:{} body:{}
2020-10-28 10:35:03 +03:00: 	GET http://localhost:4000/boards/5f99c7e6ebeb9d46049ad7b5/tasks/5f99c7e6ebeb9d46049ad7b7 queryParams:{} body:{}
2020-10-28 10:35:03 +03:00: 	DELETE http://localhost:4000/boards/5f99c7e6ebeb9d46049ad7b5/tasks/5f99c7e6ebeb9d46049ad7b6 queryParams:{} body:{}
2020-10-28 10:35:03 +03:00: 	DELETE http://localhost:4000/boards/5f99c7e6ebeb9d46049ad7b5/tasks/5f99c7e6ebeb9d46049ad7b7 queryParams:{} body:{}
2020-10-28 10:35:03 +03:00: 	DELETE http://localhost:4000/boards/5f99c7e6ebeb9d46049ad7b5 queryParams:{} body:{}
2020-10-28 10:35:03 +03:00: 	POST http://localhost:4000/boards queryParams:{} body:{"title":"Autotest board","columns":[{"title":"Backlog","order":1},{"title":"Sprint","order":2}]}
2020-10-28 10:35:03 +03:00: 	POST http://localhost:4000/boards/5f99c7e7ebeb9d46049ad7b8/tasks queryParams:{} body:{"title":"Autotest task","order":0,"description":"Lorem ipsum","userId":null,"boardId":null,"columnId":null}
2020-10-28 10:35:03 +03:00: 	GET http://localhost:4000/boards/5f99c7e7ebeb9d46049ad7b8/tasks queryParams:{} body:{}
2020-10-28 10:35:04 +03:00: 	GET http://localhost:4000/boards/5f99c7e7ebeb9d46049ad7b8/tasks queryParams:{} body:{}
2020-10-28 10:35:04 +03:00: 	GET http://localhost:4000/boards/5f99c7e7ebeb9d46049ad7b8/tasks/5f99c7e7ebeb9d46049ad7b9 queryParams:{} body:{}
2020-10-28 10:35:04 +03:00: 	POST http://localhost:4000/boards/5f99c7e7ebeb9d46049ad7b8/tasks queryParams:{} body:{"title":"Autotest task","order":0,"description":"Lorem ipsum","userId":null,"boardId":null,"columnId":null}
2020-10-28 10:35:04 +03:00: 	DELETE http://localhost:4000/boards/5f99c7e7ebeb9d46049ad7b8/tasks/5f99c7e8ebeb9d46049ad7ba queryParams:{} body:{}
2020-10-28 10:35:04 +03:00: 	POST http://localhost:4000/boards/5f99c7e7ebeb9d46049ad7b8/tasks queryParams:{} body:{"title":"Autotest task","order":0,"description":"Lorem ipsum","userId":null,"boardId":null,"columnId":null}
2020-10-28 10:35:04 +03:00: 	PUT http://localhost:4000/boards/5f99c7e7ebeb9d46049ad7b8/tasks/5f99c7e8ebeb9d46049ad7bb queryParams:{} body:{"title":"Autotest updated task","order":0,"description":"Lorem ipsum","userId":null,"boardId":"5f99c7e7ebeb9d46049ad7b8","columnId":null,"id":"5f99c7e8ebeb9d46049ad7bb"}
2020-10-28 10:35:04 +03:00: 	GET http://localhost:4000/boards/5f99c7e7ebeb9d46049ad7b8/tasks/5f99c7e8ebeb9d46049ad7bb queryParams:{} body:{}
2020-10-28 10:35:04 +03:00: 	GET http://localhost:4000/boards/5f99c7e7ebeb9d46049ad7b8/tasks/5f99c7e7ebeb9d46049ad7b9 queryParams:{} body:{}
2020-10-28 10:35:04 +03:00: 	DELETE http://localhost:4000/boards/5f99c7e7ebeb9d46049ad7b8/tasks/5f99c7e7ebeb9d46049ad7b9 queryParams:{} body:{}
2020-10-28 10:35:04 +03:00: 	GET http://localhost:4000/boards/5f99c7e7ebeb9d46049ad7b8/tasks/5f99c7e7ebeb9d46049ad7b9 queryParams:{} body:{}
2020-10-28 10:35:04 +03:00: 	DELETE http://localhost:4000/boards/5f99c7e7ebeb9d46049ad7b8 queryParams:{} body:{}
2020-10-28 10:40:48 +03:00: 	Successfully connect to MongoDB
2020-10-28 10:40:48 +03:00: 	App is running on http://localhost:4000
2020-10-28 10:40:58 +03:00: 	GET http://localhost:4000/users queryParams:{} body:{}
2020-10-28 10:40:58 +03:00: 	POST http://localhost:4000/users queryParams:{} body:{"name":"TEST_USER","login":"test_user","password":"T35t_P@55w0rd"}
2020-10-28 10:40:59 +03:00: 	GET http://localhost:4000/users/5f99c94ac506897b3091f675 queryParams:{} body:{}
2020-10-28 10:40:59 +03:00: 	DELETE http://localhost:4000/users/5f99c94ac506897b3091f675 queryParams:{} body:{}
2020-10-28 10:40:59 +03:00: 	POST http://localhost:4000/users queryParams:{} body:{"name":"TEST_USER","login":"test_user","password":"T35t_P@55w0rd"}
2020-10-28 10:40:59 +03:00: 	POST http://localhost:4000/users queryParams:{} body:{"name":"TEST_USER","login":"test_user","password":"T35t_P@55w0rd"}
2020-10-28 10:40:59 +03:00: 	PUT http://localhost:4000/users/5f99c94bc506897b3091f677 queryParams:{} body:{"name":"Autotest updated TEST_USER","login":"test_user","password":"T35t_P@55w0rd","id":"5f99c94bc506897b3091f677"}
2020-10-28 10:40:59 +03:00: 	GET http://localhost:4000/users/5f99c94bc506897b3091f677 queryParams:{} body:{}
2020-10-28 10:40:59 +03:00: 	DELETE http://localhost:4000/users/5f99c94bc506897b3091f677 queryParams:{} body:{}
2020-10-28 10:40:59 +03:00: 	POST http://localhost:4000/users queryParams:{} body:{"name":"TEST_USER","login":"test_user","password":"T35t_P@55w0rd"}
2020-10-28 10:40:59 +03:00: 	DELETE http://localhost:4000/users/5f99c94bc506897b3091f678 queryParams:{} body:{}
2020-10-28 10:40:59 +03:00: 	POST http://localhost:4000/users queryParams:{} body:{"name":"TEST_USER","login":"test_user","password":"T35t_P@55w0rd"}
2020-10-28 10:40:59 +03:00: 	POST http://localhost:4000/boards queryParams:{} body:{"title":"Autotest board","columns":[{"title":"Backlog","order":1},{"title":"Sprint","order":2}]}
2020-10-28 10:41:00 +03:00: 	POST http://localhost:4000/boards/5f99c94bc506897b3091f67a/tasks queryParams:{} body:{"title":"Task #1","order":1,"description":"Lorem ipsum","userId":"5f99c94bc506897b3091f679","boardId":"5f99c94bc506897b3091f67a"}
2020-10-28 10:41:00 +03:00: 	POST http://localhost:4000/boards/5f99c94bc506897b3091f67a/tasks queryParams:{} body:{"title":"Task #2","order":2,"description":"Lorem ipsum","userId":"5f99c94bc506897b3091f679","boardId":"5f99c94bc506897b3091f67a"}
2020-10-28 10:41:00 +03:00: 	DELETE http://localhost:4000/users/5f99c94bc506897b3091f679 queryParams:{} body:{}
2020-10-28 10:41:00 +03:00: 	GET http://localhost:4000/boards/5f99c94bc506897b3091f67a/tasks/5f99c94cc506897b3091f67b queryParams:{} body:{}
2020-10-28 10:41:00 +03:00: 	GET http://localhost:4000/boards/5f99c94bc506897b3091f67a/tasks/5f99c94cc506897b3091f67c queryParams:{} body:{}
2020-10-28 10:41:00 +03:00: 	DELETE http://localhost:4000/boards/5f99c94bc506897b3091f67a/tasks/5f99c94cc506897b3091f67b queryParams:{} body:{}
2020-10-28 10:41:00 +03:00: 	DELETE http://localhost:4000/boards/5f99c94bc506897b3091f67a/tasks/5f99c94cc506897b3091f67c queryParams:{} body:{}
2020-10-28 10:41:00 +03:00: 	DELETE http://localhost:4000/boards/5f99c94bc506897b3091f67a queryParams:{} body:{}
2020-10-28 10:45:35 +03:00: 	Successfully connect to MongoDB
2020-10-28 10:45:35 +03:00: 	App is running on http://localhost:4000
2020-10-28 10:45:48 +03:00: 	GET http://localhost:4000/users queryParams:{} body:{}
2020-10-28 10:45:48 +03:00: 	500 User.find(...).exclude is not a function
2020-10-28 10:45:48 +03:00: 	POST http://localhost:4000/users queryParams:{} body:{"name":"TEST_USER","login":"test_user","password":"T35t_P@55w0rd"}
2020-10-28 10:45:48 +03:00: 	GET http://localhost:4000/users/5f99ca6c8c5fb205680e0e21 queryParams:{} body:{}
2020-10-28 10:45:48 +03:00: 	500 User.findById(...).exclude is not a function
2020-10-28 10:45:48 +03:00: 	POST http://localhost:4000/users queryParams:{} body:{"name":"TEST_USER","login":"test_user","password":"T35t_P@55w0rd"}
2020-10-28 10:45:48 +03:00: 	POST http://localhost:4000/users queryParams:{} body:{"name":"TEST_USER","login":"test_user","password":"T35t_P@55w0rd"}
2020-10-28 10:45:48 +03:00: 	PUT http://localhost:4000/users/5f99ca6c8c5fb205680e0e23 queryParams:{} body:{"name":"Autotest updated TEST_USER","login":"test_user","password":"T35t_P@55w0rd","id":"5f99ca6c8c5fb205680e0e23"}
2020-10-28 10:45:48 +03:00: 	500 User.findById(...).exclude is not a function
2020-10-28 10:45:48 +03:00: 	POST http://localhost:4000/users queryParams:{} body:{"name":"TEST_USER","login":"test_user","password":"T35t_P@55w0rd"}
2020-10-28 10:45:48 +03:00: 	DELETE http://localhost:4000/users/5f99ca6c8c5fb205680e0e24 queryParams:{} body:{}
2020-10-28 10:45:48 +03:00: 	POST http://localhost:4000/users queryParams:{} body:{"name":"TEST_USER","login":"test_user","password":"T35t_P@55w0rd"}
2020-10-28 10:45:48 +03:00: 	POST http://localhost:4000/boards queryParams:{} body:{"title":"Autotest board","columns":[{"title":"Backlog","order":1},{"title":"Sprint","order":2}]}
2020-10-28 10:45:49 +03:00: 	POST http://localhost:4000/boards/5f99ca6c8c5fb205680e0e26/tasks queryParams:{} body:{"title":"Task #1","order":1,"description":"Lorem ipsum","userId":"5f99ca6c8c5fb205680e0e25","boardId":"5f99ca6c8c5fb205680e0e26"}
2020-10-28 10:45:49 +03:00: 	POST http://localhost:4000/boards/5f99ca6c8c5fb205680e0e26/tasks queryParams:{} body:{"title":"Task #2","order":2,"description":"Lorem ipsum","userId":"5f99ca6c8c5fb205680e0e25","boardId":"5f99ca6c8c5fb205680e0e26"}
2020-10-28 10:45:49 +03:00: 	DELETE http://localhost:4000/users/5f99ca6c8c5fb205680e0e25 queryParams:{} body:{}
2020-10-28 10:45:49 +03:00: 	GET http://localhost:4000/boards/5f99ca6c8c5fb205680e0e26/tasks/5f99ca6d8c5fb205680e0e27 queryParams:{} body:{}
2020-10-28 10:45:49 +03:00: 	GET http://localhost:4000/boards/5f99ca6c8c5fb205680e0e26/tasks/5f99ca6d8c5fb205680e0e28 queryParams:{} body:{}
2020-10-28 10:45:49 +03:00: 	DELETE http://localhost:4000/boards/5f99ca6c8c5fb205680e0e26/tasks/5f99ca6d8c5fb205680e0e27 queryParams:{} body:{}
2020-10-28 10:45:49 +03:00: 	DELETE http://localhost:4000/boards/5f99ca6c8c5fb205680e0e26/tasks/5f99ca6d8c5fb205680e0e28 queryParams:{} body:{}
2020-10-28 10:45:49 +03:00: 	DELETE http://localhost:4000/boards/5f99ca6c8c5fb205680e0e26 queryParams:{} body:{}
2020-10-28 10:47:13 +03:00: 	Successfully connect to MongoDB
2020-10-28 10:47:13 +03:00: 	App is running on http://localhost:4000
2020-10-28 10:47:21 +03:00: 	GET http://localhost:4000/users queryParams:{} body:{}
2020-10-28 10:47:21 +03:00: 	POST http://localhost:4000/users queryParams:{} body:{"name":"TEST_USER","login":"test_user","password":"T35t_P@55w0rd"}
2020-10-28 10:47:21 +03:00: 	500 User.create(...).exclude is not a function
2020-10-28 10:47:21 +03:00: 	POST http://localhost:4000/users queryParams:{} body:{"name":"TEST_USER","login":"test_user","password":"T35t_P@55w0rd"}
2020-10-28 10:47:21 +03:00: 	500 User.create(...).exclude is not a function
2020-10-28 10:47:21 +03:00: 	POST http://localhost:4000/users queryParams:{} body:{"name":"TEST_USER","login":"test_user","password":"T35t_P@55w0rd"}
2020-10-28 10:47:21 +03:00: 	500 User.create(...).exclude is not a function
2020-10-28 10:47:21 +03:00: 	PUT http://localhost:4000/users/undefined queryParams:{} body:{"name":"Autotest updated TEST_USER","login":"test_user","password":"T35t_P@55w0rd"}
2020-10-28 10:47:21 +03:00: 	500 Cast to ObjectId failed for value "undefined" at path "_id" for model "User"
2020-10-28 10:47:21 +03:00: 	POST http://localhost:4000/users queryParams:{} body:{"name":"TEST_USER","login":"test_user","password":"T35t_P@55w0rd"}
2020-10-28 10:47:21 +03:00: 	500 User.create(...).exclude is not a function
2020-10-28 10:47:21 +03:00: 	DELETE http://localhost:4000/users/undefined queryParams:{} body:{}
2020-10-28 10:47:21 +03:00: 	500 Cast to ObjectId failed for value "undefined" at path "_id" for model "User"
2020-10-28 10:47:21 +03:00: 	POST http://localhost:4000/users queryParams:{} body:{"name":"TEST_USER","login":"test_user","password":"T35t_P@55w0rd"}
2020-10-28 10:47:21 +03:00: 	500 User.create(...).exclude is not a function
2020-10-28 10:47:33 +03:00: 	Successfully connect to MongoDB
2020-10-28 10:47:33 +03:00: 	App is running on http://localhost:4000
2020-10-28 10:47:48 +03:00: 	GET http://localhost:4000/users queryParams:{} body:{}
2020-10-28 10:47:49 +03:00: 	POST http://localhost:4000/users queryParams:{} body:{"name":"TEST_USER","login":"test_user","password":"T35t_P@55w0rd"}
2020-10-28 10:47:49 +03:00: 	GET http://localhost:4000/users/5f99cae50c0e1078580e67c5 queryParams:{} body:{}
2020-10-28 10:47:49 +03:00: 	DELETE http://localhost:4000/users/5f99cae50c0e1078580e67c5 queryParams:{} body:{}
2020-10-28 10:47:49 +03:00: 	POST http://localhost:4000/users queryParams:{} body:{"name":"TEST_USER","login":"test_user","password":"T35t_P@55w0rd"}
2020-10-28 10:47:49 +03:00: 	POST http://localhost:4000/users queryParams:{} body:{"name":"TEST_USER","login":"test_user","password":"T35t_P@55w0rd"}
2020-10-28 10:47:49 +03:00: 	PUT http://localhost:4000/users/5f99cae50c0e1078580e67c7 queryParams:{} body:{"name":"Autotest updated TEST_USER","login":"test_user","password":"T35t_P@55w0rd","id":"5f99cae50c0e1078580e67c7"}
2020-10-28 10:47:49 +03:00: 	GET http://localhost:4000/users/5f99cae50c0e1078580e67c7 queryParams:{} body:{}
2020-10-28 10:47:49 +03:00: 	DELETE http://localhost:4000/users/5f99cae50c0e1078580e67c7 queryParams:{} body:{}
2020-10-28 10:47:50 +03:00: 	POST http://localhost:4000/users queryParams:{} body:{"name":"TEST_USER","login":"test_user","password":"T35t_P@55w0rd"}
2020-10-28 10:47:50 +03:00: 	DELETE http://localhost:4000/users/5f99cae60c0e1078580e67c8 queryParams:{} body:{}
2020-10-28 10:47:50 +03:00: 	POST http://localhost:4000/users queryParams:{} body:{"name":"TEST_USER","login":"test_user","password":"T35t_P@55w0rd"}
2020-10-28 10:47:50 +03:00: 	POST http://localhost:4000/boards queryParams:{} body:{"title":"Autotest board","columns":[{"title":"Backlog","order":1},{"title":"Sprint","order":2}]}
2020-10-28 10:47:50 +03:00: 	POST http://localhost:4000/boards/5f99cae60c0e1078580e67ca/tasks queryParams:{} body:{"title":"Task #1","order":1,"description":"Lorem ipsum","userId":"5f99cae60c0e1078580e67c9","boardId":"5f99cae60c0e1078580e67ca"}
2020-10-28 10:47:50 +03:00: 	POST http://localhost:4000/boards/5f99cae60c0e1078580e67ca/tasks queryParams:{} body:{"title":"Task #2","order":2,"description":"Lorem ipsum","userId":"5f99cae60c0e1078580e67c9","boardId":"5f99cae60c0e1078580e67ca"}
2020-10-28 10:47:50 +03:00: 	DELETE http://localhost:4000/users/5f99cae60c0e1078580e67c9 queryParams:{} body:{}
2020-10-28 10:47:50 +03:00: 	GET http://localhost:4000/boards/5f99cae60c0e1078580e67ca/tasks/5f99cae60c0e1078580e67cb queryParams:{} body:{}
2020-10-28 10:47:51 +03:00: 	GET http://localhost:4000/boards/5f99cae60c0e1078580e67ca/tasks/5f99cae60c0e1078580e67cc queryParams:{} body:{}
2020-10-28 10:47:51 +03:00: 	DELETE http://localhost:4000/boards/5f99cae60c0e1078580e67ca/tasks/5f99cae60c0e1078580e67cb queryParams:{} body:{}
2020-10-28 10:47:51 +03:00: 	DELETE http://localhost:4000/boards/5f99cae60c0e1078580e67ca/tasks/5f99cae60c0e1078580e67cc queryParams:{} body:{}
2020-10-28 10:47:51 +03:00: 	DELETE http://localhost:4000/boards/5f99cae60c0e1078580e67ca queryParams:{} body:{}
2020-10-28 11:09:34 +03:00: 	Successfully connect to MongoDB
2020-10-28 11:09:34 +03:00: 	App is running on http://localhost:4000
2020-10-28 11:09:46 +03:00: 	GET http://localhost:4000/users queryParams:{} body:{}
2020-10-28 11:09:46 +03:00: 	POST http://localhost:4000/users queryParams:{} body:{"name":"TEST_USER","login":"test_user","password":"T35t_P@55w0rd"}
2020-10-28 11:09:46 +03:00: 	GET http://localhost:4000/users/5f99d00aff9f872510740fcd queryParams:{} body:{}
2020-10-28 11:09:46 +03:00: 	DELETE http://localhost:4000/users/5f99d00aff9f872510740fcd queryParams:{} body:{}
2020-10-28 11:09:46 +03:00: 	POST http://localhost:4000/users queryParams:{} body:{"name":"TEST_USER","login":"test_user","password":"T35t_P@55w0rd"}
2020-10-28 11:09:47 +03:00: 	DELETE http://localhost:4000/users/5f99d00aff9f872510740fce queryParams:{} body:{}
2020-10-28 11:09:47 +03:00: 	POST http://localhost:4000/users queryParams:{} body:{"name":"TEST_USER","login":"test_user","password":"T35t_P@55w0rd"}
2020-10-28 11:09:47 +03:00: 	PUT http://localhost:4000/users/5f99d00bff9f872510740fcf queryParams:{} body:{"name":"Autotest updated TEST_USER","login":"test_user","password":"T35t_P@55w0rd","id":"5f99d00bff9f872510740fcf"}
2020-10-28 11:09:47 +03:00: 	GET http://localhost:4000/users/5f99d00bff9f872510740fcf queryParams:{} body:{}
2020-10-28 11:09:47 +03:00: 	DELETE http://localhost:4000/users/5f99d00bff9f872510740fcf queryParams:{} body:{}
2020-10-28 11:09:47 +03:00: 	POST http://localhost:4000/users queryParams:{} body:{"name":"TEST_USER","login":"test_user","password":"T35t_P@55w0rd"}
2020-10-28 11:09:47 +03:00: 	DELETE http://localhost:4000/users/5f99d00bff9f872510740fd0 queryParams:{} body:{}
2020-10-28 11:09:47 +03:00: 	POST http://localhost:4000/users queryParams:{} body:{"name":"TEST_USER","login":"test_user","password":"T35t_P@55w0rd"}
2020-10-28 11:09:47 +03:00: 	POST http://localhost:4000/boards queryParams:{} body:{"title":"Autotest board","columns":[{"title":"Backlog","order":1},{"title":"Sprint","order":2}]}
2020-10-28 11:09:48 +03:00: 	POST http://localhost:4000/boards/5f99d00bff9f872510740fd2/tasks queryParams:{} body:{"title":"Task #1","order":1,"description":"Lorem ipsum","userId":"5f99d00bff9f872510740fd1","boardId":"5f99d00bff9f872510740fd2"}
2020-10-28 11:09:48 +03:00: 	POST http://localhost:4000/boards/5f99d00bff9f872510740fd2/tasks queryParams:{} body:{"title":"Task #2","order":2,"description":"Lorem ipsum","userId":"5f99d00bff9f872510740fd1","boardId":"5f99d00bff9f872510740fd2"}
2020-10-28 11:09:48 +03:00: 	DELETE http://localhost:4000/users/5f99d00bff9f872510740fd1 queryParams:{} body:{}
2020-10-28 11:09:48 +03:00: 	GET http://localhost:4000/boards/5f99d00bff9f872510740fd2/tasks/5f99d00cff9f872510740fd3 queryParams:{} body:{}
2020-10-28 11:09:48 +03:00: 	GET http://localhost:4000/boards/5f99d00bff9f872510740fd2/tasks/5f99d00cff9f872510740fd4 queryParams:{} body:{}
2020-10-28 11:09:48 +03:00: 	DELETE http://localhost:4000/boards/5f99d00bff9f872510740fd2/tasks/5f99d00cff9f872510740fd3 queryParams:{} body:{}
2020-10-28 11:09:48 +03:00: 	DELETE http://localhost:4000/boards/5f99d00bff9f872510740fd2/tasks/5f99d00cff9f872510740fd4 queryParams:{} body:{}
2020-10-28 11:09:48 +03:00: 	DELETE http://localhost:4000/boards/5f99d00bff9f872510740fd2 queryParams:{} body:{}
